\BOOKMARK [0][-]{chapter.1}{Introduction}{}% 1
\BOOKMARK [0][-]{chapter.2}{Quantum Mechanics}{}% 2
\BOOKMARK [1][-]{section.2.1}{Postulates}{chapter.2}% 3
\BOOKMARK [1][-]{section.2.2}{Hermitian Operators}{chapter.2}% 4
\BOOKMARK [1][-]{section.2.3}{Pauli's Exclusion Principle}{chapter.2}% 5
\BOOKMARK [1][-]{section.2.4}{The Variational Principle}{chapter.2}% 6
\BOOKMARK [1][-]{section.2.5}{Slater Determinant}{chapter.2}% 7
\BOOKMARK [0][-]{chapter.3}{Second Quantization}{}% 8
\BOOKMARK [1][-]{section.3.1}{Annihilation and Creation operators}{chapter.3}% 9
\BOOKMARK [1][-]{section.3.2}{Representation of Operators}{chapter.3}% 10
\BOOKMARK [1][-]{section.3.3}{Fermi Vacuum}{chapter.3}% 11
\BOOKMARK [1][-]{section.3.4}{Normal Ordering and Wick's Theorem}{chapter.3}% 12
\BOOKMARK [1][-]{section.3.5}{Partitioning the Hamiltonian}{chapter.3}% 13
\BOOKMARK [0][-]{chapter.4}{Many-Body Methods}{}% 14
\BOOKMARK [1][-]{section.4.1}{Configuration Interraction}{chapter.4}% 15
\BOOKMARK [1][-]{section.4.2}{Many-body Perturbation Theory}{chapter.4}% 16
\BOOKMARK [1][-]{section.4.3}{Hartree-Fock approximations}{chapter.4}% 17
\BOOKMARK [0][-]{chapter.5}{Coupled-Cluster Theory}{}% 18
\BOOKMARK [1][-]{section.5.1}{Size Extensivity}{chapter.5}% 19
\BOOKMARK [0][-]{chapter.6}{The Pairing Model}{}% 20
\BOOKMARK [1][-]{section.6.1}{The Hamiltonian}{chapter.6}% 21
\BOOKMARK [1][-]{section.6.2}{Configuration Interaction theory}{chapter.6}% 22
\BOOKMARK [0][-]{chapter.7}{Infinite Matter}{}% 23
\BOOKMARK [1][-]{section.7.1}{The Infinate Electron Gas}{chapter.7}% 24
\BOOKMARK [0][-]{chapter.8}{Implementation}{}% 25
\BOOKMARK [0][-]{chapter.9}{Results}{}% 26
\BOOKMARK [0][-]{chapter.10}{Appendix}{}% 27
